# JRE version: Java(TM) SE Runtime Environment (21.0.1+12) (build 21.0.1+12-LTS-29)
# Java VM: Java HotSpot(TM) 64-Bit Server VM (21.0.1+12-LTS-29, mixed mode, sharing, tiered, compressed oops, compressed class ptrs, g1 gc, windows-amd64)
GC Precious Log:
 CardTable entry size: 512
 Card Set container configuration: InlinePtr #cards 5 size 8 Array Of Cards #cards 12 size 40 Howl #buckets 4 coarsen threshold 1843 Howl Bitmap #cards 512 size 80 coarsen threshold 460 Card regions per heap region 1 cards per card region 2048
 CPUs: 4 total, 4 available
 Memory: 8097M
 Large Page Support: Disabled
 NUMA Support: Disabled
 Compressed Oops: Enabled (32-bit)
 Heap Region Size: 1M
 Heap Min Capacity: 8M
 Heap Initial Capacity: 128M
 Heap Max Capacity: 2026M
 Pre-touch: Disabled
 Parallel Workers: 4
 Concurrent Workers: 1
 Concurrent Refinement Workers: 4
 Periodic GC: Disabled
Heap:
 garbage-first heap   total 54272K, used 41724K [0x0000000081600000, 0x0000000100000000)
  region size 1024K, 19 young (19456K), 2 survivors (2048K)
 Metaspace       used 64917K, committed 65600K, reserved 1114112K
  class space    used 8607K, committed 8896K, reserved 1048576K
GC Heap History (20 events):
Event: 4.693 GC heap before
{Heap before GC invocations=5 (full 0):
 garbage-first heap   total 45056K, used 32081K [0x0000000081600000, 0x0000000100000000)
  region size 1024K, 26 young (26624K), 7 survivors (7168K)
 Metaspace       used 25501K, committed 25920K, reserved 1114112K
  class space    used 3203K, committed 3392K, reserved 1048576K
}
Event: 4.720 GC heap after
{Heap after GC invocations=6 (full 0):
 garbage-first heap   total 45056K, used 15341K [0x0000000081600000, 0x0000000100000000)
  region size 1024K, 3 young (3072K), 3 survivors (3072K)
 Metaspace       used 25501K, committed 25920K, reserved 1114112K
  class space    used 3203K, committed 3392K, reserved 1048576K
}
Event: 5.460 GC heap before
{Heap before GC invocations=6 (full 0):
 garbage-first heap   total 45056K, used 32749K [0x0000000081600000, 0x0000000100000000)
  region size 1024K, 21 young (21504K), 3 survivors (3072K)
 Metaspace       used 28735K, committed 29248K, reserved 1114112K
  class space    used 3570K, committed 3776K, reserved 1048576K
}
Event: 5.467 GC heap after
{Heap after GC invocations=7 (full 0):
 garbage-first heap   total 45056K, used 17563K [0x0000000081600000, 0x0000000100000000)
  region size 1024K, 3 young (3072K), 3 survivors (3072K)
 Metaspace       used 28735K, committed 29248K, reserved 1114112K
  class space    used 3570K, committed 3776K, reserved 1048576K
}
Event: 6.078 GC heap before
{Heap before GC invocations=7 (full 0):
 garbage-first heap   total 45056K, used 34971K [0x0000000081600000, 0x0000000100000000)
  region size 1024K, 21 young (21504K), 3 survivors (3072K)
 Metaspace       used 33988K, committed 34624K, reserved 1114112K
  class space    used 4326K, committed 4608K, reserved 1048576K
}
Event: 6.083 GC heap after
{Heap after GC invocations=8 (full 0):
 garbage-first heap   total 45056K, used 18428K [0x0000000081600000, 0x0000000100000000)
  region size 1024K, 2 young (2048K), 2 survivors (2048K)
 Metaspace       used 33988K, committed 34624K, reserved 1114112K
  class space    used 4326K, committed 4608K, reserved 1048576K
}
Event: 6.225 GC heap before
{Heap before GC invocations=8 (full 0):
 garbage-first heap   total 45056K, used 22524K [0x0000000081600000, 0x0000000100000000)
  region size 1024K, 7 young (7168K), 2 survivors (2048K)
 Metaspace       used 35451K, committed 35968K, reserved 1114112K
  class space    used 4556K, committed 4800K, reserved 1048576K
}
Event: 6.228 GC heap after
{Heap after GC invocations=9 (full 0):
 garbage-first heap   total 45056K, used 18712K [0x0000000081600000, 0x0000000100000000)
  region size 1024K, 2 young (2048K), 2 survivors (2048K)
 Metaspace       used 35451K, committed 35968K, reserved 1114112K
  class space    used 4556K, committed 4800K, reserved 1048576K
}
Event: 7.127 GC heap before
{Heap before GC invocations=10 (full 0):
 garbage-first heap   total 45056K, used 37144K [0x0000000081600000, 0x0000000100000000)
  region size 1024K, 21 young (21504K), 2 survivors (2048K)
 Metaspace       used 44667K, committed 45184K, reserved 1114112K
  class space    used 5663K, committed 5888K, reserved 1048576K
}
Event: 7.132 GC heap after
{Heap after GC invocations=11 (full 0):
 garbage-first heap   total 45056K, used 20851K [0x0000000081600000, 0x0000000100000000)
  region size 1024K, 3 young (3072K), 3 survivors (3072K)
 Metaspace       used 44667K, committed 45184K, reserved 1114112K
  class space    used 5663K, committed 5888K, reserved 1048576K
}
Event: 7.585 GC heap before
{Heap before GC invocations=11 (full 0):
 garbage-first heap   total 45056K, used 37235K [0x0000000081600000, 0x0000000100000000)
  region size 1024K, 20 young (20480K), 3 survivors (3072K)
 Metaspace       used 49818K, committed 50368K, reserved 1114112K
  class space    used 6415K, committed 6656K, reserved 1048576K
}
Event: 7.591 GC heap after
{Heap after GC invocations=12 (full 0):
 garbage-first heap   total 45056K, used 22136K [0x0000000081600000, 0x0000000100000000)
  region size 1024K, 2 young (2048K), 2 survivors (2048K)
 Metaspace       used 49818K, committed 50368K, reserved 1114112K
  class space    used 6415K, committed 6656K, reserved 1048576K
}
Event: 8.072 GC heap before
{Heap before GC invocations=12 (full 0):
 garbage-first heap   total 45056K, used 37496K [0x0000000081600000, 0x0000000100000000)
  region size 1024K, 18 young (18432K), 2 survivors (2048K)
 Metaspace       used 54906K, committed 55488K, reserved 1114112K
  class space    used 7217K, committed 7424K, reserved 1048576K
}
Event: 8.076 GC heap after
{Heap after GC invocations=13 (full 0):
 garbage-first heap   total 45056K, used 22789K [0x0000000081600000, 0x0000000100000000)
  region size 1024K, 2 young (2048K), 2 survivors (2048K)
 Metaspace       used 54906K, committed 55488K, reserved 1114112K
  class space    used 7217K, committed 7424K, reserved 1048576K
}
Event: 8.632 GC heap before
{Heap before GC invocations=14 (full 0):
 garbage-first heap   total 45056K, used 39173K [0x0000000081600000, 0x0000000100000000)
  region size 1024K, 18 young (18432K), 2 survivors (2048K)
 Metaspace       used 58400K, committed 59072K, reserved 1114112K
  class space    used 7707K, committed 8000K, reserved 1048576K
}
Event: 8.638 GC heap after
{Heap after GC invocations=15 (full 0):
 garbage-first heap   total 45056K, used 24405K [0x0000000081600000, 0x0000000100000000)
  region size 1024K, 3 young (3072K), 3 survivors (3072K)
 Metaspace       used 58400K, committed 59072K, reserved 1114112K
  class space    used 7707K, committed 8000K, reserved 1048576K
}
Event: 8.985 GC heap before
{Heap before GC invocations=15 (full 0):
 garbage-first heap   total 45056K, used 37717K [0x0000000081600000, 0x0000000100000000)
  region size 1024K, 16 young (16384K), 3 survivors (3072K)
 Metaspace       used 60120K, committed 60800K, reserved 1114112K
  class space    used 7965K, committed 8256K, reserved 1048576K
}
Event: 8.992 GC heap after
{Heap after GC invocations=16 (full 0):
 garbage-first heap   total 45056K, used 24787K [0x0000000081600000, 0x0000000100000000)
  region size 1024K, 1 young (1024K), 1 survivors (1024K)
 Metaspace       used 60120K, committed 60800K, reserved 1114112K
  class space    used 7965K, committed 8256K, reserved 1048576K
}
Event: 9.433 GC heap before
{Heap before GC invocations=16 (full 0):
 garbage-first heap   total 45056K, used 40147K [0x0000000081600000, 0x0000000100000000)
  region size 1024K, 16 young (16384K), 1 survivors (1024K)
 Metaspace       used 62151K, committed 62720K, reserved 1114112K
  class space    used 8238K, committed 8512K, reserved 1048576K
}
Event: 9.439 GC heap after
{Heap after GC invocations=17 (full 0):
 garbage-first heap   total 54272K, used 26364K [0x0000000081600000, 0x0000000100000000)
  region size 1024K, 2 young (2048K), 2 survivors (2048K)
 Metaspace       used 62151K, committed 62720K, reserved 1114112K
  class space    used 8238K, committed 8512K, reserved 1048576K
}

